# JRE version: Java(TM) SE Runtime Environment (17.0.4.1+1) (build 17.0.4.1+1-LTS-2)
# Java VM: Java HotSpot(TM) 64-Bit Server VM (17.0.4.1+1-LTS-2, mixed mode, sharing, tiered, compressed oops, compressed class ptrs, g1 gc, windows-amd64)
GC Precious Log:
 CPUs: 8 total, 8 available
 Memory: 8106M
 Large Page Support: Disabled
 NUMA Support: Disabled
 Compressed Oops: Enabled (32-bit)
 Heap Region Size: 1M
 Heap Min Capacity: 8M
 Heap Initial Capacity: 128M
 Heap Max Capacity: 2028M
 Pre-touch: Disabled
 Parallel Workers: 8
 Concurrent Workers: 2
 Concurrent Refinement Workers: 8
 Periodic GC: Disabled
Heap:
 garbage-first heap   total 131072K, used 18218K [0x0000000081400000, 0x0000000100000000)
  region size 1024K, 14 young (14336K), 4 survivors (4096K)
 Metaspace       used 14960K, committed 15168K, reserved 1064960K
  class space    used 1796K, committed 1920K, reserved 1048576K
GC Heap History (8 events):
Event: 68.619 GC heap before
{Heap before GC invocations=0 (full 0):
 garbage-first heap   total 131072K, used 22528K [0x0000000081400000, 0x0000000100000000)
  region size 1024K, 23 young (23552K), 0 survivors (0K)
 Metaspace       used 5658K, committed 5824K, reserved 1056768K
  class space    used 676K, committed 768K, reserved 1048576K
}
Event: 69.780 GC heap after
{Heap after GC invocations=1 (full 0):
 garbage-first heap   total 131072K, used 3787K [0x0000000081400000, 0x0000000100000000)
  region size 1024K, 3 young (3072K), 3 survivors (3072K)
 Metaspace       used 5658K, committed 5824K, reserved 1056768K
  class space    used 676K, committed 768K, reserved 1048576K
}
Event: 111.520 GC heap before
{Heap before GC invocations=1 (full 0):
 garbage-first heap   total 131072K, used 17099K [0x0000000081400000, 0x0000000100000000)
  region size 1024K, 16 young (16384K), 3 survivors (3072K)
 Metaspace       used 6840K, committed 7040K, reserved 1056768K
  class space    used 814K, committed 896K, reserved 1048576K
}
Event: 111.537 GC heap after
{Heap after GC invocations=2 (full 0):
 garbage-first heap   total 131072K, used 4416K [0x0000000081400000, 0x0000000100000000)
  region size 1024K, 1 young (1024K), 1 survivors (1024K)
 Metaspace       used 6840K, committed 7040K, reserved 1056768K
  class space    used 814K, committed 896K, reserved 1048576K
}
Event: 172.802 GC heap before
{Heap before GC invocations=2 (full 0):
 garbage-first heap   total 131072K, used 26944K [0x0000000081400000, 0x0000000100000000)
  region size 1024K, 23 young (23552K), 1 survivors (1024K)
 Metaspace       used 10323K, committed 10496K, reserved 1064960K
  class space    used 1261K, committed 1344K, reserved 1048576K
}
Event: 172.830 GC heap after
{Heap after GC invocations=3 (full 0):
 garbage-first heap   total 131072K, used 5753K [0x0000000081400000, 0x0000000100000000)
  region size 1024K, 2 young (2048K), 2 survivors (2048K)
 Metaspace       used 10323K, committed 10496K, reserved 1064960K
  class space    used 1261K, committed 1344K, reserved 1048576K
}
Event: 229.800 GC heap before
{Heap before GC invocations=3 (full 0):
 garbage-first heap   total 131072K, used 34425K [0x0000000081400000, 0x0000000100000000)
  region size 1024K, 30 young (30720K), 2 survivors (2048K)
 Metaspace       used 14800K, committed 14976K, reserved 1064960K
  class space    used 1794K, committed 1920K, reserved 1048576K
}
Event: 229.822 GC heap after
{Heap after GC invocations=4 (full 0):
 garbage-first heap   total 131072K, used 9002K [0x0000000081400000, 0x0000000100000000)
  region size 1024K, 4 young (4096K), 4 survivors (4096K)
 Metaspace       used 14800K, committed 14976K, reserved 1064960K
  class space    used 1794K, committed 1920K, reserved 1048576K
}

