# JRE version: Java(TM) SE Runtime Environment (17.0.4.1+1) (build 17.0.4.1+1-LTS-2)
# Java VM: Java HotSpot(TM) 64-Bit Server VM (17.0.4.1+1-LTS-2, mixed mode, sharing, tiered, compressed oops, compressed class ptrs, g1 gc, windows-amd64)
GC Precious Log:
 CPUs: 8 total, 8 available
 Memory: 8106M
 Large Page Support: Disabled
 NUMA Support: Disabled
 Compressed Oops: Enabled (32-bit)
 Heap Region Size: 1M
 Heap Min Capacity: 8M
 Heap Initial Capacity: 128M
 Heap Max Capacity: 2028M
 Pre-touch: Disabled
 Parallel Workers: 8
 Concurrent Workers: 2
 Concurrent Refinement Workers: 8
 Periodic GC: Disabled
Heap:
 garbage-first heap   total 131072K, used 17253K [0x0000000081400000, 0x0000000100000000)
  region size 1024K, 6 young (6144K), 4 survivors (4096K)
 Metaspace       used 19037K, committed 19264K, reserved 1073152K
  class space    used 2193K, committed 2304K, reserved 1048576K
GC Heap History (8 events):
Event: 50.634 GC heap before
{Heap before GC invocations=0 (full 0):
 garbage-first heap   total 131072K, used 23552K [0x0000000081400000, 0x0000000100000000)
  region size 1024K, 23 young (23552K), 0 survivors (0K)
 Metaspace       used 5665K, committed 5888K, reserved 1056768K
  class space    used 679K, committed 768K, reserved 1048576K
}
Event: 51.645 GC heap after
{Heap after GC invocations=1 (full 0):
 garbage-first heap   total 131072K, used 3806K [0x0000000081400000, 0x0000000100000000)
  region size 1024K, 3 young (3072K), 3 survivors (3072K)
 Metaspace       used 5665K, committed 5888K, reserved 1056768K
  class space    used 679K, committed 768K, reserved 1048576K
}
Event: 85.255 GC heap before
{Heap before GC invocations=1 (full 0):
 garbage-first heap   total 131072K, used 33502K [0x0000000081400000, 0x0000000100000000)
  region size 1024K, 32 young (32768K), 3 survivors (3072K)
 Metaspace       used 9192K, committed 9344K, reserved 1064960K
  class space    used 1122K, committed 1216K, reserved 1048576K
}
Event: 85.266 GC heap after
{Heap after GC invocations=2 (full 0):
 garbage-first heap   total 131072K, used 5473K [0x0000000081400000, 0x0000000100000000)
  region size 1024K, 2 young (2048K), 2 survivors (2048K)
 Metaspace       used 9192K, committed 9344K, reserved 1064960K
  class space    used 1122K, committed 1216K, reserved 1048576K
}
Event: 340.958 GC heap before
{Heap before GC invocations=2 (full 0):
 garbage-first heap   total 131072K, used 81249K [0x0000000081400000, 0x0000000100000000)
  region size 1024K, 76 young (77824K), 2 survivors (2048K)
 Metaspace       used 15699K, committed 15872K, reserved 1064960K
  class space    used 1862K, committed 1920K, reserved 1048576K
}
Event: 341.213 GC heap after
{Heap after GC invocations=3 (full 0):
 garbage-first heap   total 131072K, used 12995K [0x0000000081400000, 0x0000000100000000)
  region size 1024K, 9 young (9216K), 9 survivors (9216K)
 Metaspace       used 15699K, committed 15872K, reserved 1064960K
  class space    used 1862K, committed 1920K, reserved 1048576K
}
Event: 398.315 GC heap before
{Heap before GC invocations=3 (full 0):
 garbage-first heap   total 131072K, used 103107K [0x0000000081400000, 0x0000000100000000)
  region size 1024K, 65 young (66560K), 9 survivors (9216K)
 Metaspace       used 17815K, committed 18112K, reserved 1064960K
  class space    used 2031K, committed 2176K, reserved 1048576K
}
Event: 398.495 GC heap after
{Heap after GC invocations=4 (full 0):
 garbage-first heap   total 131072K, used 16229K [0x0000000081400000, 0x0000000100000000)
  region size 1024K, 4 young (4096K), 4 survivors (4096K)
 Metaspace       used 17815K, committed 18112K, reserved 1064960K
  class space    used 2031K, committed 2176K, reserved 1048576K
}

